2015-10-28 13:13:23,442 4268,MainThread web.py:1908 [WARNING] 404 GET /static/style/app_8a2ea2d.css (::1) 0.49ms
2015-10-28 13:13:23,492 4268,MainThread web.py:1908 [WARNING] 404 GET /static/bower_components/vue/dist/vue.min_9db9ea3.js (::1) 0.42ms
2015-10-28 13:13:23,493 4268,MainThread web.py:1908 [WARNING] 404 GET /static/bower_components/vue-router/dist/vue-router.min_b2db28e.js (::1) 0.35ms
2015-10-28 13:13:23,495 4268,MainThread web.py:1908 [WARNING] 404 GET /static/bower_components/vue-resource/dist/vue-resource.min_fc5a763.js (::1) 1.36ms
2015-10-28 13:13:23,496 4268,MainThread web.py:1908 [WARNING] 404 GET /static/bower_components/store2/dist/store2.min_362313f.js (::1) 0.77ms
2015-10-28 13:13:23,498 4268,MainThread web.py:1908 [WARNING] 404 GET /static/component/slide/swipeSlide.min_587c461.js (::1) 0.77ms
2015-10-28 13:13:23,499 4268,MainThread web.py:1908 [WARNING] 404 GET /static/app_5f492b9.js (::1) 0.35ms
2015-10-28 13:13:23,500 4268,MainThread web.py:1908 [WARNING] 404 GET /static/bower_components/zepto/zepto.min_1abd55c.js (::1) 0.34ms
2015-10-28 13:13:23,501 4268,MainThread web.py:1908 [WARNING] 404 GET /static/script/iscroll_ca9af4b.js (::1) 0.35ms
2015-10-28 13:13:23,882 4268,MainThread web.py:1908 [WARNING] 404 GET /favicon.ico (::1) 0.44ms
2015-10-28 13:13:44,599 4268,MainThread web.py:1908 [WARNING] 404 GET /recoms (::1) 0.34ms
2015-10-28 13:13:48,643 4268,MainThread web.py:1908 [WARNING] 404 GET /static/bower_components/zepto/zepto.min_1abd55c.js (::1) 0.66ms
2015-10-28 13:13:48,645 4268,MainThread web.py:1908 [WARNING] 404 GET /static/bower_components/vue/dist/vue.min_9db9ea3.js (::1) 0.99ms
2015-10-28 13:13:48,646 4268,MainThread web.py:1908 [WARNING] 404 GET /static/style/app_8a2ea2d.css (::1) 0.58ms
2015-10-28 13:13:48,648 4268,MainThread web.py:1908 [WARNING] 404 GET /static/bower_components/vue-router/dist/vue-router.min_b2db28e.js (::1) 0.66ms
2015-10-28 13:13:48,649 4268,MainThread web.py:1908 [WARNING] 404 GET /static/bower_components/store2/dist/store2.min_362313f.js (::1) 0.76ms
2015-10-28 13:13:48,650 4268,MainThread web.py:1908 [WARNING] 404 GET /static/bower_components/vue-resource/dist/vue-resource.min_fc5a763.js (::1) 0.79ms
2015-10-28 13:13:48,652 4268,MainThread web.py:1908 [WARNING] 404 GET /static/script/iscroll_ca9af4b.js (::1) 0.73ms
2015-10-28 13:13:48,656 4268,MainThread web.py:1908 [WARNING] 404 GET /static/component/slide/swipeSlide.min_587c461.js (::1) 1.44ms
2015-10-28 13:13:48,658 4268,MainThread web.py:1908 [WARNING] 404 GET /static/app_5f492b9.js (::1) 0.77ms
2015-10-28 13:16:27,706 4268,MainThread web.py:1908 [WARNING] 404 GET /items/ (::1) 0.31ms
2015-10-28 13:16:29,724 4268,MainThread web.py:1908 [WARNING] 404 GET /favicon.ico (::1) 0.50ms
2015-10-28 13:16:30,184 4268,MainThread web.py:1908 [WARNING] 404 GET /items/ (::1) 0.52ms
2015-10-28 13:16:30,386 4268,MainThread web.py:1908 [WARNING] 404 GET /apple-touch-icon-precomposed.png (::1) 0.67ms
2015-10-28 13:16:30,634 4268,MainThread web.py:1908 [WARNING] 404 GET /apple-touch-icon.png (::1) 0.36ms
2015-10-28 13:25:04,950 4268,MainThread web.py:1908 [WARNING] 404 GET /static/bower_components/zepto/zepto.min_1abd55c.js (::1) 0.93ms
2015-10-28 13:25:04,968 4268,MainThread web.py:1908 [WARNING] 404 GET /static/bower_components/vue/dist/vue.min_9db9ea3.js (::1) 0.64ms
2015-10-28 13:25:04,969 4268,MainThread web.py:1908 [WARNING] 404 GET /static/bower_components/vue-router/dist/vue-router.min_b2db28e.js (::1) 0.62ms
2015-10-28 13:25:04,970 4268,MainThread web.py:1908 [WARNING] 404 GET /static/bower_components/vue-resource/dist/vue-resource.min_fc5a763.js (::1) 0.55ms
2015-10-28 13:25:04,971 4268,MainThread web.py:1908 [WARNING] 404 GET /static/bower_components/store2/dist/store2.min_362313f.js (::1) 0.35ms
2015-10-28 13:25:04,971 4268,MainThread web.py:1908 [WARNING] 404 GET /static/component/slide/swipeSlide.min_587c461.js (::1) 0.56ms
